<?xml version="1.0" encoding="UTF-8"?>
<testsuite name="TwoferTest" tests="3" skipped="0" failures="0" errors="0" timestamp="2023-05-17T06:15:15" hostname="DESKTOP-1JCEPK9" time="0.157">
  <properties/>
  <testcase name="noNameGiven" classname="TwoferTest" time="0.14"/>
  <testcase name="aNameGiven" classname="TwoferTest" time="0.016"/>
  <testcase name="anotherNameGiven" classname="TwoferTest" time="0.0"/>
  <system-out><![CDATA[]]></system-out>
  <system-err><![CDATA[]]></system-err>
</testsuite>
